This is pdfTeX, Version 3.141592653-2.6-1.40.24 (TeX Live 2022) (preloaded format=pdflatex 2022.4.11)  18 MAY 2022 11:35
entering extended mode
 restricted \write18 enabled.
 file:line:error style messages enabled.
 %&-line parsing enabled.
**/Users/chus/Code/ReScript/my-app/design/main.tex
(/Users/chus/Code/ReScript/my-app/design/main.tex
LaTeX2e <2021-11-15> patch level 1
L3 programming layer <2022-02-24> (/usr/local/texlive/2022/texmf-dist/tex/latex/base/article.cls
Document Class: article 2021/10/04 v1.4n Standard LaTeX document class
(/usr/local/texlive/2022/texmf-dist/tex/latex/base/size10.clo
File: size10.clo 2021/10/04 v1.4n Standard LaTeX file (size option)
)
\c@part=\count185
\c@section=\count186
\c@subsection=\count187
\c@subsubsection=\count188
\c@paragraph=\count189
\c@subparagraph=\count190
\c@figure=\count191
\c@table=\count192
\abovecaptionskip=\skip47
\belowcaptionskip=\skip48
\bibindent=\dimen138
) (/usr/local/texlive/2022/texmf-dist/tex/latex/base/inputenc.sty
Package: inputenc 2021/02/14 v1.3d Input encoding file
\inpenc@prehook=\toks16
\inpenc@posthook=\toks17
) (/usr/local/texlive/2022/texmf-dist/tex/latex/geometry/geometry.sty
Package: geometry 2020/01/02 v5.9 Page Geometry
 (/usr/local/texlive/2022/texmf-dist/tex/latex/graphics/keyval.sty
Package: keyval 2014/10/28 v1.15 key=value parser (DPC)
\KV@toks@=\toks18
) (/usr/local/texlive/2022/texmf-dist/tex/generic/iftex/ifvtex.sty
Package: ifvtex 2019/10/25 v1.7 ifvtex legacy package. Use iftex instead.
 (/usr/local/texlive/2022/texmf-dist/tex/generic/iftex/iftex.sty
Package: iftex 2022/02/03 v1.0f TeX engine tests
))
\Gm@cnth=\count193
\Gm@cntv=\count194
\c@Gm@tempcnt=\count195
\Gm@bindingoffset=\dimen139
\Gm@wd@mp=\dimen140
\Gm@odd@mp=\dimen141
\Gm@even@mp=\dimen142
\Gm@layoutwidth=\dimen143
\Gm@layoutheight=\dimen144
\Gm@layouthoffset=\dimen145
\Gm@layoutvoffset=\dimen146
\Gm@dimlist=\toks19
) (/usr/local/texlive/2022/texmf-dist/tex/latex/xcolor/xcolor.sty
Package: xcolor 2021/10/31 v2.13 LaTeX color extensions (UK)
 (/usr/local/texlive/2022/texmf-dist/tex/latex/graphics-cfg/color.cfg
File: color.cfg 2016/01/02 v1.6 sample color configuration
)
Package xcolor Info: Driver file: pdftex.def on input line 227.
 (/usr/local/texlive/2022/texmf-dist/tex/latex/graphics-def/pdftex.def
File: pdftex.def 2020/10/05 v1.2a Graphics/color driver for pdftex
)
Package xcolor Info: Model `cmy' substituted by `cmy0' on input line 1352.
Package xcolor Info: Model `hsb' substituted by `rgb' on input line 1356.
Package xcolor Info: Model `RGB' extended on input line 1368.
Package xcolor Info: Model `HTML' substituted by `rgb' on input line 1370.
Package xcolor Info: Model `Hsb' substituted by `hsb' on input line 1371.
Package xcolor Info: Model `tHsb' substituted by `hsb' on input line 1372.
Package xcolor Info: Model `HSB' substituted by `hsb' on input line 1373.
Package xcolor Info: Model `Gray' substituted by `gray' on input line 1374.
Package xcolor Info: Model `wave' substituted by `hsb' on input line 1375.
) (/usr/local/texlive/2022/texmf-dist/tex/latex/graphics/graphicx.sty
Package: graphicx 2021/09/16 v1.2d Enhanced LaTeX Graphics (DPC,SPQR)
 (/usr/local/texlive/2022/texmf-dist/tex/latex/graphics/graphics.sty
Package: graphics 2021/03/04 v1.4d Standard LaTeX Graphics (DPC,SPQR)
 (/usr/local/texlive/2022/texmf-dist/tex/latex/graphics/trig.sty
Package: trig 2021/08/11 v1.11 sin cos tan (DPC)
) (/usr/local/texlive/2022/texmf-dist/tex/latex/graphics-cfg/graphics.cfg
File: graphics.cfg 2016/06/04 v1.11 sample graphics configuration
)
Package graphics Info: Driver file: pdftex.def on input line 107.
)
\Gin@req@height=\dimen147
\Gin@req@width=\dimen148
) (/usr/local/texlive/2022/texmf-dist/tex/latex/amsmath/amsmath.sty
Package: amsmath 2021/10/15 v2.17l AMS math features
\@mathmargin=\skip49

For additional information on amsmath, use the `?' option.
(/usr/local/texlive/2022/texmf-dist/tex/latex/amsmath/amstext.sty
Package: amstext 2021/08/26 v2.01 AMS text
 (/usr/local/texlive/2022/texmf-dist/tex/latex/amsmath/amsgen.sty
File: amsgen.sty 1999/11/30 v2.0 generic functions
\@emptytoks=\toks20
\ex@=\dimen149
)) (/usr/local/texlive/2022/texmf-dist/tex/latex/amsmath/amsbsy.sty
Package: amsbsy 1999/11/29 v1.2d Bold Symbols
\pmbraise@=\dimen150
) (/usr/local/texlive/2022/texmf-dist/tex/latex/amsmath/amsopn.sty
Package: amsopn 2021/08/26 v2.02 operator names
)
\inf@bad=\count196
LaTeX Info: Redefining \frac on input line 234.
\uproot@=\count197
\leftroot@=\count198
LaTeX Info: Redefining \overline on input line 399.
\classnum@=\count199
\DOTSCASE@=\count266
LaTeX Info: Redefining \ldots on input line 496.
LaTeX Info: Redefining \dots on input line 499.
LaTeX Info: Redefining \cdots on input line 620.
\Mathstrutbox@=\box50
\strutbox@=\box51
\big@size=\dimen151
LaTeX Font Info:    Redeclaring font encoding OML on input line 743.
LaTeX Font Info:    Redeclaring font encoding OMS on input line 744.
\macc@depth=\count267
\c@MaxMatrixCols=\count268
\dotsspace@=\muskip16
\c@parentequation=\count269
\dspbrk@lvl=\count270
\tag@help=\toks21
\row@=\count271
\column@=\count272
\maxfields@=\count273
\andhelp@=\toks22
\eqnshift@=\dimen152
\alignsep@=\dimen153
\tagshift@=\dimen154
\tagwidth@=\dimen155
\totwidth@=\dimen156
\lineht@=\dimen157
\@envbody=\toks23
\multlinegap=\skip50
\multlinetaggap=\skip51
\mathdisplay@stack=\toks24
LaTeX Info: Redefining \[ on input line 2938.
LaTeX Info: Redefining \] on input line 2939.
) (/usr/local/texlive/2022/texmf-dist/tex/latex/todonotes/todonotes.sty
Package: todonotes 2021/06/04 v1.1.5 Todonotes source and documentation.
Package: todonotes 2021/06/04
 (/usr/local/texlive/2022/texmf-dist/tex/latex/base/ifthen.sty
Package: ifthen 2020/11/24 v1.1c Standard LaTeX ifthen package (DPC)
) (/usr/local/texlive/2022/texmf-dist/tex/latex/xkeyval/xkeyval.sty
Package: xkeyval 2020/11/20 v2.8 package option processing (HA)
 (/usr/local/texlive/2022/texmf-dist/tex/generic/xkeyval/xkeyval.tex (/usr/local/texlive/2022/texmf-dist/tex/generic/xkeyval/xkvutils.tex
\XKV@toks=\toks25
\XKV@tempa@toks=\toks26
)
\XKV@depth=\count274
File: xkeyval.tex 2014/12/03 v2.7a key=value parser (HA)
)) (/usr/local/texlive/2022/texmf-dist/tex/latex/pgf/frontendlayer/tikz.sty (/usr/local/texlive/2022/texmf-dist/tex/latex/pgf/basiclayer/pgf.sty (/usr/local/texlive/2022/texmf-dist/tex/latex/pgf/utilities/pgfrcs.sty (/usr/local/texlive/2022/texmf-dist/tex/generic/pgf/utilities/pgfutil-common.tex
\pgfutil@everybye=\toks27
\pgfutil@tempdima=\dimen158
\pgfutil@tempdimb=\dimen159
 (/usr/local/texlive/2022/texmf-dist/tex/generic/pgf/utilities/pgfutil-common-lists.tex)) (/usr/local/texlive/2022/texmf-dist/tex/generic/pgf/utilities/pgfutil-latex.def
\pgfutil@abb=\box52
) (/usr/local/texlive/2022/texmf-dist/tex/generic/pgf/utilities/pgfrcs.code.tex (/usr/local/texlive/2022/texmf-dist/tex/generic/pgf/pgf.revision.tex)
Package: pgfrcs 2021/05/15 v3.1.9a (3.1.9a)
))
Package: pgf 2021/05/15 v3.1.9a (3.1.9a)
 (/usr/local/texlive/2022/texmf-dist/tex/latex/pgf/basiclayer/pgfcore.sty (/usr/local/texlive/2022/texmf-dist/tex/latex/pgf/systemlayer/pgfsys.sty (/usr/local/texlive/2022/texmf-dist/tex/generic/pgf/systemlayer/pgfsys.code.tex
Package: pgfsys 2021/05/15 v3.1.9a (3.1.9a)
 (/usr/local/texlive/2022/texmf-dist/tex/generic/pgf/utilities/pgfkeys.code.tex
\pgfkeys@pathtoks=\toks28
\pgfkeys@temptoks=\toks29
 (/usr/local/texlive/2022/texmf-dist/tex/generic/pgf/utilities/pgfkeysfiltered.code.tex
\pgfkeys@tmptoks=\toks30
))
\pgf@x=\dimen160
\pgf@y=\dimen161
\pgf@xa=\dimen162
\pgf@ya=\dimen163
\pgf@xb=\dimen164
\pgf@yb=\dimen165
\pgf@xc=\dimen166
\pgf@yc=\dimen167
\pgf@xd=\dimen168
\pgf@yd=\dimen169
\w@pgf@writea=\write3
\r@pgf@reada=\read2
\c@pgf@counta=\count275
\c@pgf@countb=\count276
\c@pgf@countc=\count277
\c@pgf@countd=\count278
\t@pgf@toka=\toks31
\t@pgf@tokb=\toks32
\t@pgf@tokc=\toks33
\pgf@sys@id@count=\count279
 (/usr/local/texlive/2022/texmf-dist/tex/generic/pgf/systemlayer/pgf.cfg
File: pgf.cfg 2021/05/15 v3.1.9a (3.1.9a)
)
Driver file for pgf: pgfsys-pdftex.def
 (/usr/local/texlive/2022/texmf-dist/tex/generic/pgf/systemlayer/pgfsys-pdftex.def
File: pgfsys-pdftex.def 2021/05/15 v3.1.9a (3.1.9a)
 (/usr/local/texlive/2022/texmf-dist/tex/generic/pgf/systemlayer/pgfsys-common-pdf.def
File: pgfsys-common-pdf.def 2021/05/15 v3.1.9a (3.1.9a)
))) (/usr/local/texlive/2022/texmf-dist/tex/generic/pgf/systemlayer/pgfsyssoftpath.code.tex
File: pgfsyssoftpath.code.tex 2021/05/15 v3.1.9a (3.1.9a)
\pgfsyssoftpath@smallbuffer@items=\count280
\pgfsyssoftpath@bigbuffer@items=\count281
) (/usr/local/texlive/2022/texmf-dist/tex/generic/pgf/systemlayer/pgfsysprotocol.code.tex
File: pgfsysprotocol.code.tex 2021/05/15 v3.1.9a (3.1.9a)
)) (/usr/local/texlive/2022/texmf-dist/tex/generic/pgf/basiclayer/pgfcore.code.tex
Package: pgfcore 2021/05/15 v3.1.9a (3.1.9a)
 (/usr/local/texlive/2022/texmf-dist/tex/generic/pgf/math/pgfmath.code.tex (/usr/local/texlive/2022/texmf-dist/tex/generic/pgf/math/pgfmathcalc.code.tex (/usr/local/texlive/2022/texmf-dist/tex/generic/pgf/math/pgfmathutil.code.tex) (/usr/local/texlive/2022/texmf-dist/tex/generic/pgf/math/pgfmathparser.code.tex
\pgfmath@dimen=\dimen170
\pgfmath@count=\count282
\pgfmath@box=\box53
\pgfmath@toks=\toks34
\pgfmath@stack@operand=\toks35
\pgfmath@stack@operation=\toks36
) (/usr/local/texlive/2022/texmf-dist/tex/generic/pgf/math/pgfmathfunctions.code.tex (/usr/local/texlive/2022/texmf-dist/tex/generic/pgf/math/pgfmathfunctions.basic.code.tex) (/usr/local/texlive/2022/texmf-dist/tex/generic/pgf/math/pgfmathfunctions.trigonometric.code.tex) (/usr/local/texlive/2022/texmf-dist/tex/generic/pgf/math/pgfmathfunctions.random.code.tex) (/usr/local/texlive/2022/texmf-dist/tex/generic/pgf/math/pgfmathfunctions.comparison.code.tex) (/usr/local/texlive/2022/texmf-dist/tex/generic/pgf/math/pgfmathfunctions.base.code.tex) (/usr/local/texlive/2022/texmf-dist/tex/generic/pgf/math/pgfmathfunctions.round.code.tex) (/usr/local/texlive/2022/texmf-dist/tex/generic/pgf/math/pgfmathfunctions.misc.code.tex) (/usr/local/texlive/2022/texmf-dist/tex/generic/pgf/math/pgfmathfunctions.integerarithmetics.code.tex))) (/usr/local/texlive/2022/texmf-dist/tex/generic/pgf/math/pgfmathfloat.code.tex
\c@pgfmathroundto@lastzeros=\count283
)) (/usr/local/texlive/2022/texmf-dist/tex/generic/pgf/math/pgfint.code.tex) (/usr/local/texlive/2022/texmf-dist/tex/generic/pgf/basiclayer/pgfcorepoints.code.tex
File: pgfcorepoints.code.tex 2021/05/15 v3.1.9a (3.1.9a)
\pgf@picminx=\dimen171
\pgf@picmaxx=\dimen172
\pgf@picminy=\dimen173
\pgf@picmaxy=\dimen174
\pgf@pathminx=\dimen175
\pgf@pathmaxx=\dimen176
\pgf@pathminy=\dimen177
\pgf@pathmaxy=\dimen178
\pgf@xx=\dimen179
\pgf@xy=\dimen180
\pgf@yx=\dimen181
\pgf@yy=\dimen182
\pgf@zx=\dimen183
\pgf@zy=\dimen184
) (/usr/local/texlive/2022/texmf-dist/tex/generic/pgf/basiclayer/pgfcorepathconstruct.code.tex
File: pgfcorepathconstruct.code.tex 2021/05/15 v3.1.9a (3.1.9a)
\pgf@path@lastx=\dimen185
\pgf@path@lasty=\dimen186
) (/usr/local/texlive/2022/texmf-dist/tex/generic/pgf/basiclayer/pgfcorepathusage.code.tex
File: pgfcorepathusage.code.tex 2021/05/15 v3.1.9a (3.1.9a)
\pgf@shorten@end@additional=\dimen187
\pgf@shorten@start@additional=\dimen188
) (/usr/local/texlive/2022/texmf-dist/tex/generic/pgf/basiclayer/pgfcorescopes.code.tex
File: pgfcorescopes.code.tex 2021/05/15 v3.1.9a (3.1.9a)
\pgfpic=\box54
\pgf@hbox=\box55
\pgf@layerbox@main=\box56
\pgf@picture@serial@count=\count284
) (/usr/local/texlive/2022/texmf-dist/tex/generic/pgf/basiclayer/pgfcoregraphicstate.code.tex
File: pgfcoregraphicstate.code.tex 2021/05/15 v3.1.9a (3.1.9a)
\pgflinewidth=\dimen189
) (/usr/local/texlive/2022/texmf-dist/tex/generic/pgf/basiclayer/pgfcoretransformations.code.tex
File: pgfcoretransformations.code.tex 2021/05/15 v3.1.9a (3.1.9a)
\pgf@pt@x=\dimen190
\pgf@pt@y=\dimen191
\pgf@pt@temp=\dimen192
) (/usr/local/texlive/2022/texmf-dist/tex/generic/pgf/basiclayer/pgfcorequick.code.tex
File: pgfcorequick.code.tex 2021/05/15 v3.1.9a (3.1.9a)
) (/usr/local/texlive/2022/texmf-dist/tex/generic/pgf/basiclayer/pgfcoreobjects.code.tex
File: pgfcoreobjects.code.tex 2021/05/15 v3.1.9a (3.1.9a)
) (/usr/local/texlive/2022/texmf-dist/tex/generic/pgf/basiclayer/pgfcorepathprocessing.code.tex
File: pgfcorepathprocessing.code.tex 2021/05/15 v3.1.9a (3.1.9a)
) (/usr/local/texlive/2022/texmf-dist/tex/generic/pgf/basiclayer/pgfcorearrows.code.tex
File: pgfcorearrows.code.tex 2021/05/15 v3.1.9a (3.1.9a)
\pgfarrowsep=\dimen193
) (/usr/local/texlive/2022/texmf-dist/tex/generic/pgf/basiclayer/pgfcoreshade.code.tex
File: pgfcoreshade.code.tex 2021/05/15 v3.1.9a (3.1.9a)
\pgf@max=\dimen194
\pgf@sys@shading@range@num=\count285
\pgf@shadingcount=\count286
) (/usr/local/texlive/2022/texmf-dist/tex/generic/pgf/basiclayer/pgfcoreimage.code.tex
File: pgfcoreimage.code.tex 2021/05/15 v3.1.9a (3.1.9a)
 (/usr/local/texlive/2022/texmf-dist/tex/generic/pgf/basiclayer/pgfcoreexternal.code.tex
File: pgfcoreexternal.code.tex 2021/05/15 v3.1.9a (3.1.9a)
\pgfexternal@startupbox=\box57
)) (/usr/local/texlive/2022/texmf-dist/tex/generic/pgf/basiclayer/pgfcorelayers.code.tex
File: pgfcorelayers.code.tex 2021/05/15 v3.1.9a (3.1.9a)
) (/usr/local/texlive/2022/texmf-dist/tex/generic/pgf/basiclayer/pgfcoretransparency.code.tex
File: pgfcoretransparency.code.tex 2021/05/15 v3.1.9a (3.1.9a)
) (/usr/local/texlive/2022/texmf-dist/tex/generic/pgf/basiclayer/pgfcorepatterns.code.tex
File: pgfcorepatterns.code.tex 2021/05/15 v3.1.9a (3.1.9a)
) (/usr/local/texlive/2022/texmf-dist/tex/generic/pgf/basiclayer/pgfcorerdf.code.tex
File: pgfcorerdf.code.tex 2021/05/15 v3.1.9a (3.1.9a)
))) (/usr/local/texlive/2022/texmf-dist/tex/generic/pgf/modules/pgfmoduleshapes.code.tex
File: pgfmoduleshapes.code.tex 2021/05/15 v3.1.9a (3.1.9a)
\pgfnodeparttextbox=\box58
) (/usr/local/texlive/2022/texmf-dist/tex/generic/pgf/modules/pgfmoduleplot.code.tex
File: pgfmoduleplot.code.tex 2021/05/15 v3.1.9a (3.1.9a)
) (/usr/local/texlive/2022/texmf-dist/tex/latex/pgf/compatibility/pgfcomp-version-0-65.sty
Package: pgfcomp-version-0-65 2021/05/15 v3.1.9a (3.1.9a)
\pgf@nodesepstart=\dimen195
\pgf@nodesepend=\dimen196
) (/usr/local/texlive/2022/texmf-dist/tex/latex/pgf/compatibility/pgfcomp-version-1-18.sty
Package: pgfcomp-version-1-18 2021/05/15 v3.1.9a (3.1.9a)
)) (/usr/local/texlive/2022/texmf-dist/tex/latex/pgf/utilities/pgffor.sty (/usr/local/texlive/2022/texmf-dist/tex/latex/pgf/utilities/pgfkeys.sty (/usr/local/texlive/2022/texmf-dist/tex/generic/pgf/utilities/pgfkeys.code.tex)) (/usr/local/texlive/2022/texmf-dist/tex/latex/pgf/math/pgfmath.sty (/usr/local/texlive/2022/texmf-dist/tex/generic/pgf/math/pgfmath.code.tex)) (/usr/local/texlive/2022/texmf-dist/tex/generic/pgf/utilities/pgffor.code.tex
Package: pgffor 2021/05/15 v3.1.9a (3.1.9a)
 (/usr/local/texlive/2022/texmf-dist/tex/generic/pgf/math/pgfmath.code.tex)
\pgffor@iter=\dimen197
\pgffor@skip=\dimen198
\pgffor@stack=\toks37
\pgffor@toks=\toks38
)) (/usr/local/texlive/2022/texmf-dist/tex/generic/pgf/frontendlayer/tikz/tikz.code.tex
Package: tikz 2021/05/15 v3.1.9a (3.1.9a)
 (/usr/local/texlive/2022/texmf-dist/tex/generic/pgf/libraries/pgflibraryplothandlers.code.tex
File: pgflibraryplothandlers.code.tex 2021/05/15 v3.1.9a (3.1.9a)
\pgf@plot@mark@count=\count287
\pgfplotmarksize=\dimen199
)
\tikz@lastx=\dimen256
\tikz@lasty=\dimen257
\tikz@lastxsaved=\dimen258
\tikz@lastysaved=\dimen259
\tikz@lastmovetox=\dimen260
\tikz@lastmovetoy=\dimen261
\tikzleveldistance=\dimen262
\tikzsiblingdistance=\dimen263
\tikz@figbox=\box59
\tikz@figbox@bg=\box60
\tikz@tempbox=\box61
\tikz@tempbox@bg=\box62
\tikztreelevel=\count288
\tikznumberofchildren=\count289
\tikznumberofcurrentchild=\count290
\tikz@fig@count=\count291
 (/usr/local/texlive/2022/texmf-dist/tex/generic/pgf/modules/pgfmodulematrix.code.tex
File: pgfmodulematrix.code.tex 2021/05/15 v3.1.9a (3.1.9a)
\pgfmatrixcurrentrow=\count292
\pgfmatrixcurrentcolumn=\count293
\pgf@matrix@numberofcolumns=\count294
)
\tikz@expandcount=\count295
 (/usr/local/texlive/2022/texmf-dist/tex/generic/pgf/frontendlayer/tikz/libraries/tikzlibrarytopaths.code.tex
File: tikzlibrarytopaths.code.tex 2021/05/15 v3.1.9a (3.1.9a)
))) (/usr/local/texlive/2022/texmf-dist/tex/generic/pgf/frontendlayer/tikz/libraries/tikzlibrarypositioning.code.tex
File: tikzlibrarypositioning.code.tex 2021/05/15 v3.1.9a (3.1.9a)
) (/usr/local/texlive/2022/texmf-dist/tex/latex/tools/calc.sty
Package: calc 2017/05/25 v4.3 Infix arithmetic (KKT,FJ)
\calc@Acount=\count296
\calc@Bcount=\count297
\calc@Adimen=\dimen264
\calc@Bdimen=\dimen265
\calc@Askip=\skip52
\calc@Bskip=\skip53
LaTeX Info: Redefining \setlength on input line 80.
LaTeX Info: Redefining \addtolength on input line 81.
\calc@Ccount=\count298
\calc@Cskip=\skip54
)
\c@@todonotes@numberoftodonotes=\count299
) (/usr/local/texlive/2022/texmf-dist/tex/latex/amsfonts/amsfonts.sty
Package: amsfonts 2013/01/14 v3.01 Basic AMSFonts support
\symAMSa=\mathgroup4
\symAMSb=\mathgroup5
LaTeX Font Info:    Redeclaring math symbol \hbar on input line 98.
LaTeX Font Info:    Overwriting math alphabet `\mathfrak' in version `bold'
(Font)                  U/euf/m/n --> U/euf/b/n on input line 106.
) (/usr/local/texlive/2022/texmf-dist/tex/latex/titlesec/titlesec.sty
Package: titlesec 2021/07/05 v2.14 Sectioning titles
\ttl@box=\box63
\beforetitleunit=\skip55
\aftertitleunit=\skip56
\ttl@plus=\dimen266
\ttl@minus=\dimen267
\ttl@toksa=\toks39
\titlewidth=\dimen268
\titlewidthlast=\dimen269
\titlewidthfirst=\dimen270
) (/usr/local/texlive/2022/texmf-dist/tex/latex/amsfonts/amssymb.sty
Package: amssymb 2013/01/14 v3.01 AMS font symbols
) (/usr/local/texlive/2022/texmf-dist/tex/latex/zed-csp/zed-csp.sty
Package: zed-csp 95/01/11 0c zed-csp package
\c@mv@zed=\count300
LaTeX Font Info:    Overwriting math alphabet `\mathrm' in version `zed'
(Font)                  OT1/cmr/m/n --> OT1/cmr/m/n on input line 86.
LaTeX Font Info:    Overwriting math alphabet `\mathbf' in version `zed'
(Font)                  OT1/cmr/bx/n --> OT1/cmr/bx/n on input line 86.
LaTeX Font Info:    Overwriting math alphabet `\mathsf' in version `zed'
(Font)                  OT1/cmss/m/n --> OT1/cmss/m/n on input line 86.
\symitalics=\mathgroup6
LaTeX Font Info:    Redeclaring math alphabet \mathrm on input line 86.
LaTeX Font Info:    Redeclaring math alphabet \mathit on input line 86.
\symlasy=\mathgroup7
LaTeX Font Info:    Redeclaring symbol font `AMSa' on input line 86.
LaTeX Font Info:    Overwriting symbol font `AMSa' in version `normal'
(Font)                  U/msa/m/n --> U/msa/m/n on input line 86.
LaTeX Font Info:    Overwriting symbol font `AMSa' in version `bold'
(Font)                  U/msa/m/n --> U/msa/m/n on input line 86.
LaTeX Font Info:    Overwriting symbol font `AMSa' in version `zed'
(Font)                  U/msa/m/n --> U/msa/m/n on input line 86.
LaTeX Font Info:    Redeclaring symbol font `AMSb' on input line 86.
LaTeX Font Info:    Overwriting symbol font `AMSb' in version `normal'
(Font)                  U/msb/m/n --> U/msb/m/n on input line 86.
LaTeX Font Info:    Overwriting symbol font `AMSb' in version `bold'
(Font)                  U/msb/m/n --> U/msb/m/n on input line 86.
LaTeX Font Info:    Overwriting symbol font `AMSb' in version `zed'
(Font)                  U/msb/m/n --> U/msb/m/n on input line 86.
LaTeX Font Info:    Redeclaring math symbol \boxdot on input line 308.
LaTeX Font Info:    Redeclaring math symbol \boxplus on input line 308.
LaTeX Font Info:    Redeclaring math symbol \boxtimes on input line 308.
LaTeX Font Info:    Redeclaring math symbol \square on input line 308.
LaTeX Font Info:    Redeclaring math symbol \blacksquare on input line 308.
LaTeX Font Info:    Redeclaring math symbol \centerdot on input line 308.
LaTeX Font Info:    Redeclaring math symbol \lozenge on input line 308.
LaTeX Font Info:    Redeclaring math symbol \blacklozenge on input line 308.
LaTeX Font Info:    Redeclaring math symbol \circlearrowright on input line 308.
LaTeX Font Info:    Redeclaring math symbol \circlearrowleft on input line 308.
LaTeX Font Info:    Redeclaring math symbol \leftrightharpoons on input line 308.
LaTeX Font Info:    Redeclaring math symbol \boxminus on input line 308.
LaTeX Font Info:    Redeclaring math symbol \Vdash on input line 308.
LaTeX Font Info:    Redeclaring math symbol \Vvdash on input line 308.
LaTeX Font Info:    Redeclaring math symbol \vDash on input line 308.
LaTeX Font Info:    Redeclaring math symbol \twoheadrightarrow on input line 308.
LaTeX Font Info:    Redeclaring math symbol \twoheadleftarrow on input line 308.
LaTeX Font Info:    Redeclaring math symbol \leftleftarrows on input line 308.
LaTeX Font Info:    Redeclaring math symbol \rightrightarrows on input line 308.
LaTeX Font Info:    Redeclaring math symbol \upuparrows on input line 308.
LaTeX Font Info:    Redeclaring math symbol \downdownarrows on input line 308.
LaTeX Font Info:    Redeclaring math symbol \upharpoonright on input line 308.
LaTeX Font Info:    Redeclaring math symbol \downharpoonright on input line 308.
LaTeX Font Info:    Redeclaring math symbol \upharpoonleft on input line 308.
LaTeX Font Info:    Redeclaring math symbol \downharpoonleft on input line 308.
LaTeX Font Info:    Redeclaring math symbol \rightarrowtail on input line 308.
LaTeX Font Info:    Redeclaring math symbol \leftarrowtail on input line 308.
LaTeX Font Info:    Redeclaring math symbol \leftrightarrows on input line 308.
LaTeX Font Info:    Redeclaring math symbol \rightleftarrows on input line 308.
LaTeX Font Info:    Redeclaring math symbol \Lsh on input line 308.
LaTeX Font Info:    Redeclaring math symbol \Rsh on input line 308.
LaTeX Font Info:    Redeclaring math symbol \rightsquigarrow on input line 308.
LaTeX Font Info:    Redeclaring math symbol \leftrightsquigarrow on input line 308.
LaTeX Font Info:    Redeclaring math symbol \looparrowleft on input line 308.
LaTeX Font Info:    Redeclaring math symbol \looparrowright on input line 308.
LaTeX Font Info:    Redeclaring math symbol \circeq on input line 308.
LaTeX Font Info:    Redeclaring math symbol \succsim on input line 308.
LaTeX Font Info:    Redeclaring math symbol \gtrsim on input line 308.
LaTeX Font Info:    Redeclaring math symbol \gtrapprox on input line 308.
LaTeX Font Info:    Redeclaring math symbol \multimap on input line 308.
LaTeX Font Info:    Redeclaring math symbol \therefore on input line 308.
LaTeX Font Info:    Redeclaring math symbol \because on input line 308.
LaTeX Font Info:    Redeclaring math symbol \doteqdot on input line 308.
LaTeX Font Info:    Redeclaring math symbol \triangleq on input line 308.
LaTeX Font Info:    Redeclaring math symbol \precsim on input line 308.
LaTeX Font Info:    Redeclaring math symbol \lesssim on input line 308.
LaTeX Font Info:    Redeclaring math symbol \lessapprox on input line 308.
LaTeX Font Info:    Redeclaring math symbol \eqslantless on input line 308.
LaTeX Font Info:    Redeclaring math symbol \eqslantgtr on input line 308.
LaTeX Font Info:    Redeclaring math symbol \curlyeqprec on input line 308.
LaTeX Font Info:    Redeclaring math symbol \curlyeqsucc on input line 308.
LaTeX Font Info:    Redeclaring math symbol \preccurlyeq on input line 308.
LaTeX Font Info:    Redeclaring math symbol \leqq on input line 308.
LaTeX Font Info:    Redeclaring math symbol \leqslant on input line 308.
LaTeX Font Info:    Redeclaring math symbol \lessgtr on input line 308.
LaTeX Font Info:    Redeclaring math symbol \backprime on input line 308.
LaTeX Font Info:    Redeclaring math symbol \risingdotseq on input line 308.
LaTeX Font Info:    Redeclaring math symbol \fallingdotseq on input line 308.
LaTeX Font Info:    Redeclaring math symbol \succcurlyeq on input line 308.
LaTeX Font Info:    Redeclaring math symbol \geqq on input line 308.
LaTeX Font Info:    Redeclaring math symbol \geqslant on input line 308.
LaTeX Font Info:    Redeclaring math symbol \gtrless on input line 308.
LaTeX Font Info:    Redeclaring math symbol \sqsubset on input line 308.
LaTeX Font Info:    Redeclaring math symbol \sqsupset on input line 308.
LaTeX Font Info:    Redeclaring math symbol \vartriangleright on input line 308.
LaTeX Font Info:    Redeclaring math symbol \vartriangleleft on input line 308.
LaTeX Font Info:    Redeclaring math symbol \trianglerighteq on input line 308.
LaTeX Font Info:    Redeclaring math symbol \trianglelefteq on input line 308.
LaTeX Font Info:    Redeclaring math symbol \bigstar on input line 308.
LaTeX Font Info:    Redeclaring math symbol \between on input line 308.
LaTeX Font Info:    Redeclaring math symbol \blacktriangledown on input line 308.
LaTeX Font Info:    Redeclaring math symbol \blacktriangleright on input line 308.
LaTeX Font Info:    Redeclaring math symbol \blacktriangleleft on input line 308.
LaTeX Font Info:    Redeclaring math symbol \vartriangle on input line 308.
LaTeX Font Info:    Redeclaring math symbol \blacktriangle on input line 308.
LaTeX Font Info:    Redeclaring math symbol \triangledown on input line 308.
LaTeX Font Info:    Redeclaring math symbol \eqcirc on input line 308.
LaTeX Font Info:    Redeclaring math symbol \lesseqgtr on input line 308.
LaTeX Font Info:    Redeclaring math symbol \gtreqless on input line 308.
LaTeX Font Info:    Redeclaring math symbol \lesseqqgtr on input line 308.
LaTeX Font Info:    Redeclaring math symbol \gtreqqless on input line 308.
LaTeX Font Info:    Redeclaring math symbol \Rrightarrow on input line 308.
LaTeX Font Info:    Redeclaring math symbol \Lleftarrow on input line 308.
LaTeX Font Info:    Redeclaring math symbol \veebar on input line 308.
LaTeX Font Info:    Redeclaring math symbol \barwedge on input line 308.
LaTeX Font Info:    Redeclaring math symbol \doublebarwedge on input line 308.
LaTeX Font Info:    Redeclaring math symbol \measuredangle on input line 308.
LaTeX Font Info:    Redeclaring math symbol \sphericalangle on input line 308.
LaTeX Font Info:    Redeclaring math symbol \varpropto on input line 308.
LaTeX Font Info:    Redeclaring math symbol \smallsmile on input line 308.
LaTeX Font Info:    Redeclaring math symbol \smallfrown on input line 308.
LaTeX Font Info:    Redeclaring math symbol \Subset on input line 308.
LaTeX Font Info:    Redeclaring math symbol \Supset on input line 308.
LaTeX Font Info:    Redeclaring math symbol \Cup on input line 308.
LaTeX Font Info:    Redeclaring math symbol \Cap on input line 308.
LaTeX Font Info:    Redeclaring math symbol \curlywedge on input line 308.
LaTeX Font Info:    Redeclaring math symbol \curlyvee on input line 308.
LaTeX Font Info:    Redeclaring math symbol \leftthreetimes on input line 308.
LaTeX Font Info:    Redeclaring math symbol \rightthreetimes on input line 308.
LaTeX Font Info:    Redeclaring math symbol \subseteqq on input line 308.
LaTeX Font Info:    Redeclaring math symbol \supseteqq on input line 308.
LaTeX Font Info:    Redeclaring math symbol \bumpeq on input line 308.
LaTeX Font Info:    Redeclaring math symbol \Bumpeq on input line 308.
LaTeX Font Info:    Redeclaring math symbol \lll on input line 308.
LaTeX Font Info:    Redeclaring math symbol \ggg on input line 308.
LaTeX Font Info:    Redeclaring math delimiter \ulcorner on input line 308.
LaTeX Font Info:    Redeclaring math delimiter \urcorner on input line 308.
LaTeX Font Info:    Redeclaring math delimiter \llcorner on input line 308.
LaTeX Font Info:    Redeclaring math delimiter \lrcorner on input line 308.
LaTeX Font Info:    Redeclaring math symbol \circledS on input line 308.
LaTeX Font Info:    Redeclaring math symbol \pitchfork on input line 308.
LaTeX Font Info:    Redeclaring math symbol \dotplus on input line 308.
LaTeX Font Info:    Redeclaring math symbol \backsim on input line 308.
LaTeX Font Info:    Redeclaring math symbol \backsimeq on input line 308.
LaTeX Font Info:    Redeclaring math symbol \complement on input line 308.
LaTeX Font Info:    Redeclaring math symbol \intercal on input line 308.
LaTeX Font Info:    Redeclaring math symbol \circledcirc on input line 308.
LaTeX Font Info:    Redeclaring math symbol \circledast on input line 308.
LaTeX Font Info:    Redeclaring math symbol \circleddash on input line 308.
LaTeX Font Info:    Redeclaring math symbol \lvertneqq on input line 308.
LaTeX Font Info:    Redeclaring math symbol \gvertneqq on input line 308.
LaTeX Font Info:    Redeclaring math symbol \nleq on input line 308.
LaTeX Font Info:    Redeclaring math symbol \ngeq on input line 308.
LaTeX Font Info:    Redeclaring math symbol \nless on input line 308.
LaTeX Font Info:    Redeclaring math symbol \ngtr on input line 308.
LaTeX Font Info:    Redeclaring math symbol \nprec on input line 308.
LaTeX Font Info:    Redeclaring math symbol \nsucc on input line 308.
LaTeX Font Info:    Redeclaring math symbol \lneqq on input line 308.
LaTeX Font Info:    Redeclaring math symbol \gneqq on input line 308.
LaTeX Font Info:    Redeclaring math symbol \nleqslant on input line 308.
LaTeX Font Info:    Redeclaring math symbol \ngeqslant on input line 308.
LaTeX Font Info:    Redeclaring math symbol \lneq on input line 308.
LaTeX Font Info:    Redeclaring math symbol \gneq on input line 308.
LaTeX Font Info:    Redeclaring math symbol \npreceq on input line 308.
LaTeX Font Info:    Redeclaring math symbol \nsucceq on input line 308.
LaTeX Font Info:    Redeclaring math symbol \precnsim on input line 308.
LaTeX Font Info:    Redeclaring math symbol \succnsim on input line 308.
LaTeX Font Info:    Redeclaring math symbol \lnsim on input line 308.
LaTeX Font Info:    Redeclaring math symbol \gnsim on input line 308.
LaTeX Font Info:    Redeclaring math symbol \nleqq on input line 308.
LaTeX Font Info:    Redeclaring math symbol \ngeqq on input line 308.
LaTeX Font Info:    Redeclaring math symbol \precneqq on input line 308.
LaTeX Font Info:    Redeclaring math symbol \succneqq on input line 308.
LaTeX Font Info:    Redeclaring math symbol \precnapprox on input line 308.
LaTeX Font Info:    Redeclaring math symbol \succnapprox on input line 308.
LaTeX Font Info:    Redeclaring math symbol \lnapprox on input line 308.
LaTeX Font Info:    Redeclaring math symbol \gnapprox on input line 308.
LaTeX Font Info:    Redeclaring math symbol \nsim on input line 308.
LaTeX Font Info:    Redeclaring math symbol \ncong on input line 308.
LaTeX Font Info:    Redeclaring math symbol \varsubsetneq on input line 308.
LaTeX Font Info:    Redeclaring math symbol \varsupsetneq on input line 308.
LaTeX Font Info:    Redeclaring math symbol \nsubseteqq on input line 308.
LaTeX Font Info:    Redeclaring math symbol \nsupseteqq on input line 308.
LaTeX Font Info:    Redeclaring math symbol \subsetneqq on input line 308.
LaTeX Font Info:    Redeclaring math symbol \supsetneqq on input line 308.
LaTeX Font Info:    Redeclaring math symbol \varsubsetneqq on input line 308.
LaTeX Font Info:    Redeclaring math symbol \varsupsetneqq on input line 308.
LaTeX Font Info:    Redeclaring math symbol \subsetneq on input line 308.
LaTeX Font Info:    Redeclaring math symbol \supsetneq on input line 308.
LaTeX Font Info:    Redeclaring math symbol \nsubseteq on input line 308.
LaTeX Font Info:    Redeclaring math symbol \nsupseteq on input line 308.
LaTeX Font Info:    Redeclaring math symbol \nparallel on input line 308.
LaTeX Font Info:    Redeclaring math symbol \nmid on input line 308.
LaTeX Font Info:    Redeclaring math symbol \nshortmid on input line 308.
LaTeX Font Info:    Redeclaring math symbol \nshortparallel on input line 308.
LaTeX Font Info:    Redeclaring math symbol \nvdash on input line 308.
LaTeX Font Info:    Redeclaring math symbol \nVdash on input line 308.
LaTeX Font Info:    Redeclaring math symbol \nvDash on input line 308.
LaTeX Font Info:    Redeclaring math symbol \nVDash on input line 308.
LaTeX Font Info:    Redeclaring math symbol \ntrianglerighteq on input line 308.
LaTeX Font Info:    Redeclaring math symbol \ntrianglelefteq on input line 308.
LaTeX Font Info:    Redeclaring math symbol \ntriangleleft on input line 308.
LaTeX Font Info:    Redeclaring math symbol \ntriangleright on input line 308.
LaTeX Font Info:    Redeclaring math symbol \nleftarrow on input line 308.
LaTeX Font Info:    Redeclaring math symbol \nrightarrow on input line 308.
LaTeX Font Info:    Redeclaring math symbol \nLeftarrow on input line 308.
LaTeX Font Info:    Redeclaring math symbol \nRightarrow on input line 308.
LaTeX Font Info:    Redeclaring math symbol \nLeftrightarrow on input line 308.
LaTeX Font Info:    Redeclaring math symbol \nleftrightarrow on input line 308.
LaTeX Font Info:    Redeclaring math symbol \divideontimes on input line 308.
LaTeX Font Info:    Redeclaring math symbol \varnothing on input line 308.
LaTeX Font Info:    Redeclaring math symbol \mho on input line 308.
LaTeX Font Info:    Redeclaring math symbol \eth on input line 308.
LaTeX Font Info:    Redeclaring math symbol \eqsim on input line 308.
LaTeX Font Info:    Redeclaring math symbol \beth on input line 308.
LaTeX Font Info:    Redeclaring math symbol \gimel on input line 308.
LaTeX Font Info:    Redeclaring math symbol \daleth on input line 308.
LaTeX Font Info:    Redeclaring math symbol \lessdot on input line 308.
LaTeX Font Info:    Redeclaring math symbol \gtrdot on input line 308.
LaTeX Font Info:    Redeclaring math symbol \ltimes on input line 308.
LaTeX Font Info:    Redeclaring math symbol \rtimes on input line 308.
LaTeX Font Info:    Redeclaring math symbol \shortmid on input line 308.
LaTeX Font Info:    Redeclaring math symbol \shortparallel on input line 308.
LaTeX Font Info:    Redeclaring math symbol \smallsetminus on input line 308.
LaTeX Font Info:    Redeclaring math symbol \thicksim on input line 308.
LaTeX Font Info:    Redeclaring math symbol \thickapprox on input line 308.
LaTeX Font Info:    Redeclaring math symbol \approxeq on input line 308.
LaTeX Font Info:    Redeclaring math symbol \succapprox on input line 308.
LaTeX Font Info:    Redeclaring math symbol \precapprox on input line 308.
LaTeX Font Info:    Redeclaring math symbol \curvearrowleft on input line 308.
LaTeX Font Info:    Redeclaring math symbol \curvearrowright on input line 308.
LaTeX Font Info:    Redeclaring math symbol \digamma on input line 308.
LaTeX Font Info:    Redeclaring math symbol \varkappa on input line 308.
LaTeX Font Info:    Redeclaring math symbol \hslash on input line 308.
LaTeX Font Info:    Redeclaring math symbol \hbar on input line 308.
LaTeX Font Info:    Redeclaring math symbol \backepsilon on input line 308.
\zedindent=\dimen271
\zedleftsep=\dimen272
\zedtab=\dimen273
\zedbar=\dimen274
\zedskip=\skip57
\interzedlinepenalty=\count301
\preboxpenalty=\count302
) (/usr/local/texlive/2022/texmf-dist/tex/latex/mathtools/mathtools.sty
Package: mathtools 2022/02/07 v1.28a mathematical typesetting tools
 (/usr/local/texlive/2022/texmf-dist/tex/latex/mathtools/mhsetup.sty
Package: mhsetup 2021/03/18 v1.4 programming setup (MH)
)
\g_MT_multlinerow_int=\count303
\l_MT_multwidth_dim=\dimen275
\origjot=\skip58
\l_MT_shortvdotswithinadjustabove_dim=\dimen276
\l_MT_shortvdotswithinadjustbelow_dim=\dimen277
\l_MT_above_intertext_sep=\dimen278
\l_MT_below_intertext_sep=\dimen279
\l_MT_above_shortintertext_sep=\dimen280
\l_MT_below_shortintertext_sep=\dimen281
\xmathstrut@box=\box64
\xmathstrut@dim=\dimen282
) (/usr/local/texlive/2022/texmf-dist/tex/latex/l3backend/l3backend-pdftex.def
File: l3backend-pdftex.def 2022-02-07 L3 backend support: PDF output (pdfTeX)
\l__color_backend_stack_int=\count304
\l__pdf_internal_box=\box65
) (./main.aux)
\openout1 = `main.aux'.

LaTeX Font Info:    Checking defaults for OML/cmm/m/it on input line 18.
LaTeX Font Info:    ... okay on input line 18.
LaTeX Font Info:    Checking defaults for OMS/cmsy/m/n on input line 18.
LaTeX Font Info:    ... okay on input line 18.
LaTeX Font Info:    Checking defaults for OT1/cmr/m/n on input line 18.
LaTeX Font Info:    ... okay on input line 18.
LaTeX Font Info:    Checking defaults for T1/cmr/m/n on input line 18.
LaTeX Font Info:    ... okay on input line 18.
LaTeX Font Info:    Checking defaults for TS1/cmr/m/n on input line 18.
LaTeX Font Info:    ... okay on input line 18.
LaTeX Font Info:    Checking defaults for OMX/cmex/m/n on input line 18.
LaTeX Font Info:    ... okay on input line 18.
LaTeX Font Info:    Checking defaults for U/cmr/m/n on input line 18.
LaTeX Font Info:    ... okay on input line 18.

*geometry* driver: auto-detecting
*geometry* detected driver: pdftex
*geometry* verbose mode - [ preamble ] result:
* driver: pdftex
* paper: <default>
* layout: <same size as paper>
* layoutoffset:(h,v)=(0.0pt,0.0pt)
* modes: 
* h-part:(L,W,R)=(90.3375pt, 433.62001pt, 90.3375pt)
* v-part:(T,H,B)=(90.3375pt, 614.295pt, 90.3375pt)
* \paperwidth=614.295pt
* \paperheight=794.96999pt
* \textwidth=433.62001pt
* \textheight=614.295pt
* \oddsidemargin=18.0675pt
* \evensidemargin=18.0675pt
* \topmargin=-18.9325pt
* \headheight=12.0pt
* \headsep=25.0pt
* \topskip=10.0pt
* \footskip=30.0pt
* \marginparwidth=65.0pt
* \marginparsep=11.0pt
* \columnsep=10.0pt
* \skip\footins=9.0pt plus 4.0pt minus 2.0pt
* \hoffset=0.0pt
* \voffset=0.0pt
* \mag=1000
* \@twocolumnfalse
* \@twosidefalse
* \@mparswitchfalse
* \@reversemarginfalse
* (1in=72.27pt=25.4mm, 1cm=28.453pt)

(/usr/local/texlive/2022/texmf-dist/tex/context/base/mkii/supp-pdf.mkii
[Loading MPS to PDF converter (version 2006.09.02).]
\scratchcounter=\count305
\scratchdimen=\dimen283
\scratchbox=\box66
\nofMPsegments=\count306
\nofMParguments=\count307
\everyMPshowfont=\toks40
\MPscratchCnt=\count308
\MPscratchDim=\dimen284
\MPnumerator=\count309
\makeMPintoPDFobject=\count310
\everyMPtoPDFconversion=\toks41
) (/usr/local/texlive/2022/texmf-dist/tex/latex/epstopdf-pkg/epstopdf-base.sty
Package: epstopdf-base 2020-01-24 v2.11 Base part for package epstopdf
Package epstopdf-base Info: Redefining graphics rule for `.eps' on input line 485.
 (/usr/local/texlive/2022/texmf-dist/tex/latex/latexconfig/epstopdf-sys.cfg
File: epstopdf-sys.cfg 2010/07/13 v1.3 Configuration of (r)epstopdf for TeX Live
))
LaTeX Font Info:    Trying to load font information for U+msa on input line 20.
 (/usr/local/texlive/2022/texmf-dist/tex/latex/amsfonts/umsa.fd
File: umsa.fd 2013/01/14 v3.01 AMS symbols A
)
LaTeX Font Info:    Trying to load font information for U+msb on input line 20.
 (/usr/local/texlive/2022/texmf-dist/tex/latex/amsfonts/umsb.fd
File: umsb.fd 2013/01/14 v3.01 AMS symbols B
)
LaTeX Font Info:    Trying to load font information for U+lasy on input line 20.
 (/usr/local/texlive/2022/texmf-dist/tex/latex/base/ulasy.fd
File: ulasy.fd 1998/08/17 v2.2e LaTeX symbol font definitions
) [1

{/usr/local/texlive/2022/texmf-var/fonts/map/pdftex/updmap/pdftex.map}] (./main.aux) ) 
Here is how much of TeX's memory you used:
 15355 strings out of 478268
 302461 string characters out of 5846347
 571066 words of memory out of 5000000
 33289 multiletter control sequences out of 15000+600000
 476174 words of font info for 55 fonts, out of 8000000 for 9000
 1141 hyphenation exceptions out of 8191
 99i,6n,94p,504b,222s stack positions out of 10000i,1000n,20000p,200000b,200000s
</usr/local/texlive/2022/texmf-dist/fonts/type1/public/amsfonts/cm/cmbx12.pfb></usr/local/texlive/2022/texmf-dist/fonts/type1/public/amsfonts/cm/cmr10.pfb></usr/local/texlive/2022/texmf-dist/fonts/type1/public/amsfonts/cm/cmr12.pfb></usr/local/texlive/2022/texmf-dist/fonts/type1/public/amsfonts/cm/cmr17.pfb>
Output written on main.pdf (1 page, 46539 bytes).
PDF statistics:
 31 PDF objects out of 1000 (max. 8388607)
 19 compressed objects within 1 object stream
 0 named destinations out of 1000 (max. 500000)
 13 words of extra memory for PDF output out of 10000 (max. 10000000)

